<?xml version="1.0" encoding="UTF-8"?>
<testsuite xmlns:xsi="http://www.w3.org/2001/XMLSchema-instance" xsi:noNamespaceSchemaLocation="https://maven.apache.org/surefire/maven-surefire-plugin/xsd/surefire-test-report-3.0.xsd" version="3.0" name="CalculatorTest" time="0.052" tests="8" errors="0" skipped="0" failures="0">
  <properties>
[...]
</properties>
  <testcase name="divideTest" classname="CalculatorTest" time="0.027"/>
  <testcase name="addTest" classname="CalculatorTest" time="0.0"/>
  <testcase name="divideByZeroFailure" classname="CalculatorTest" time="0.0"/>
  <testcase name="intToBinaryNumberTest" classname="CalculatorTest" time="0.0"/>
  <testcase name="multiplyTest" classname="CalculatorTest" time="0.0"/>
  <testcase name="subtractTest" classname="CalculatorTest" time="0.0"/>
  <testcase name="fibonacciTest" classname="CalculatorTest" time="0.0"/>
  <testcase name="createUniqueIDTest" classname="CalculatorTest" time="0.0"/>
</testsuite>